# JRE version: OpenJDK Runtime Environment (8.0_242-b01) (build 1.8.0_242-release-1644-b01)
# Java VM: OpenJDK 64-Bit Server VM (25.242-b01 mixed mode windows-amd64 compressed oops)
Heap:
 PSYoungGen      total 70656K, used 50637K [0x00000000e0000000, 0x00000000e7600000, 0x0000000100000000)
  eden space 65536K, 69% used [0x00000000e0000000,0x00000000e2c784e0,0x00000000e4000000)
  from space 5120K, 99% used [0x00000000e4000000,0x00000000e44fb1d0,0x00000000e4500000)
  to   space 12800K, 0% used [0x00000000e6980000,0x00000000e6980000,0x00000000e7600000)
 ParOldGen       total 68608K, used 14393K [0x00000000a0000000, 0x00000000a4300000, 0x00000000e0000000)
  object space 68608K, 20% used [0x00000000a0000000,0x00000000a0e0e5b0,0x00000000a4300000)
 Metaspace       used 31999K, capacity 32578K, committed 32768K, reserved 1077248K
  class space    used 4316K, capacity 4506K, committed 4608K, reserved 1048576K
GC Heap History (10 events):
Event: 0.988 GC heap before
{Heap before GC invocations=2 (full 0):
 PSYoungGen      total 37888K, used 37299K [0x00000000e0000000, 0x00000000e4a00000, 0x0000000100000000)
  eden space 32768K, 100% used [0x00000000e0000000,0x00000000e2000000,0x00000000e2000000)
  from space 5120K, 88% used [0x00000000e2000000,0x00000000e246ccd0,0x00000000e2500000)
  to   space 5120K, 0% used [0x00000000e4500000,0x00000000e4500000,0x00000000e4a00000)
 ParOldGen       total 86016K, used 8K [0x00000000a0000000, 0x00000000a5400000, 0x00000000e0000000)
  object space 86016K, 0% used [0x00000000a0000000,0x00000000a0002000,0x00000000a5400000)
 Metaspace       used 8373K, capacity 8630K, committed 8832K, reserved 1056768K
  class space    used 1047K, capacity 1113K, committed 1152K, reserved 1048576K
Event: 0.993 GC heap after
Heap after GC invocations=2 (full 0):
 PSYoungGen      total 70656K, used 4344K [0x00000000e0000000, 0x00000000e4a00000, 0x0000000100000000)
  eden space 65536K, 0% used [0x00000000e0000000,0x00000000e0000000,0x00000000e4000000)
  from space 5120K, 84% used [0x00000000e4500000,0x00000000e493e218,0x00000000e4a00000)
  to   space 5120K, 0% used [0x00000000e4000000,0x00000000e4000000,0x00000000e4500000)
 ParOldGen       total 86016K, used 16K [0x00000000a0000000, 0x00000000a5400000, 0x00000000e0000000)
  object space 86016K, 0% used [0x00000000a0000000,0x00000000a0004000,0x00000000a5400000)
 Metaspace       used 8373K, capacity 8630K, committed 8832K, reserved 1056768K
  class space    used 1047K, capacity 1113K, committed 1152K, reserved 1048576K
}
Event: 2.074 GC heap before
{Heap before GC invocations=3 (full 0):
 PSYoungGen      total 70656K, used 69880K [0x00000000e0000000, 0x00000000e4a00000, 0x0000000100000000)
  eden space 65536K, 100% used [0x00000000e0000000,0x00000000e4000000,0x00000000e4000000)
  from space 5120K, 84% used [0x00000000e4500000,0x00000000e493e218,0x00000000e4a00000)
  to   space 5120K, 0% used [0x00000000e4000000,0x00000000e4000000,0x00000000e4500000)
 ParOldGen       total 86016K, used 16K [0x00000000a0000000, 0x00000000a5400000, 0x00000000e0000000)
  object space 86016K, 0% used [0x00000000a0000000,0x00000000a0004000,0x00000000a5400000)
 Metaspace       used 15446K, capacity 15838K, committed 16128K, reserved 1062912K
  class space    used 2174K, capacity 2301K, committed 2304K, reserved 1048576K
Event: 2.083 GC heap after
Heap after GC invocations=3 (full 0):
 PSYoungGen      total 70656K, used 5112K [0x00000000e0000000, 0x00000000e4a00000, 0x0000000100000000)
  eden space 65536K, 0% used [0x00000000e0000000,0x00000000e0000000,0x00000000e4000000)
  from space 5120K, 99% used [0x00000000e4000000,0x00000000e44fe050,0x00000000e4500000)
  to   space 5120K, 0% used [0x00000000e4500000,0x00000000e4500000,0x00000000e4a00000)
 ParOldGen       total 86016K, used 5138K [0x00000000a0000000, 0x00000000a5400000, 0x00000000e0000000)
  object space 86016K, 5% used [0x00000000a0000000,0x00000000a0504890,0x00000000a5400000)
 Metaspace       used 15446K, capacity 15838K, committed 16128K, reserved 1062912K
  class space    used 2174K, capacity 2301K, committed 2304K, reserved 1048576K
}
Event: 4.136 GC heap before
{Heap before GC invocations=4 (full 0):
 PSYoungGen      total 70656K, used 58084K [0x00000000e0000000, 0x00000000e4a00000, 0x0000000100000000)
  eden space 65536K, 80% used [0x00000000e0000000,0x00000000e33bb328,0x00000000e4000000)
  from space 5120K, 99% used [0x00000000e4000000,0x00000000e44fe050,0x00000000e4500000)
  to   space 5120K, 0% used [0x00000000e4500000,0x00000000e4500000,0x00000000e4a00000)
 ParOldGen       total 86016K, used 5138K [0x00000000a0000000, 0x00000000a5400000, 0x00000000e0000000)
  object space 86016K, 5% used [0x00000000a0000000,0x00000000a0504890,0x00000000a5400000)
 Metaspace       used 20603K, capacity 21170K, committed 21296K, reserved 1067008K
  class space    used 2933K, capacity 3163K, committed 3200K, reserved 1048576K
Event: 4.147 GC heap after
Heap after GC invocations=4 (full 0):
 PSYoungGen      total 70656K, used 5096K [0x00000000e0000000, 0x00000000e4a00000, 0x0000000100000000)
  eden space 65536K, 0% used [0x00000000e0000000,0x00000000e0000000,0x00000000e4000000)
  from space 5120K, 99% used [0x00000000e4500000,0x00000000e49fa040,0x00000000e4a00000)
  to   space 5120K, 0% used [0x00000000e4000000,0x00000000e4000000,0x00000000e4500000)
 ParOldGen       total 86016K, used 10934K [0x00000000a0000000, 0x00000000a5400000, 0x00000000e0000000)
  object space 86016K, 12% used [0x00000000a0000000,0x00000000a0aadb58,0x00000000a5400000)
 Metaspace       used 20603K, capacity 21170K, committed 21296K, reserved 1067008K
  class space    used 2933K, capacity 3163K, committed 3200K, reserved 1048576K
}
Event: 4.147 GC heap before
{Heap before GC invocations=5 (full 1):
 PSYoungGen      total 70656K, used 5096K [0x00000000e0000000, 0x00000000e4a00000, 0x0000000100000000)
  eden space 65536K, 0% used [0x00000000e0000000,0x00000000e0000000,0x00000000e4000000)
  from space 5120K, 99% used [0x00000000e4500000,0x00000000e49fa040,0x00000000e4a00000)
  to   space 5120K, 0% used [0x00000000e4000000,0x00000000e4000000,0x00000000e4500000)
 ParOldGen       total 86016K, used 10934K [0x00000000a0000000, 0x00000000a5400000, 0x00000000e0000000)
  object space 86016K, 12% used [0x00000000a0000000,0x00000000a0aadb58,0x00000000a5400000)
 Metaspace       used 20603K, capacity 21170K, committed 21296K, reserved 1067008K
  class space    used 2933K, capacity 3163K, committed 3200K, reserved 1048576K
Event: 4.192 GC heap after
Heap after GC invocations=5 (full 1):
 PSYoungGen      total 70656K, used 0K [0x00000000e0000000, 0x00000000e4a00000, 0x0000000100000000)
  eden space 65536K, 0% used [0x00000000e0000000,0x00000000e0000000,0x00000000e4000000)
  from space 5120K, 0% used [0x00000000e4500000,0x00000000e4500000,0x00000000e4a00000)
  to   space 5120K, 0% used [0x00000000e4000000,0x00000000e4000000,0x00000000e4500000)
 ParOldGen       total 68608K, used 10707K [0x00000000a0000000, 0x00000000a4300000, 0x00000000e0000000)
  object space 68608K, 15% used [0x00000000a0000000,0x00000000a0a74c58,0x00000000a4300000)
 Metaspace       used 20603K, capacity 21170K, committed 21296K, reserved 1067008K
  class space    used 2933K, capacity 3163K, committed 3200K, reserved 1048576K
}
Event: 5.392 GC heap before
{Heap before GC invocations=6 (full 1):
 PSYoungGen      total 70656K, used 65531K [0x00000000e0000000, 0x00000000e4a00000, 0x0000000100000000)
  eden space 65536K, 99% used [0x00000000e0000000,0x00000000e3ffee88,0x00000000e4000000)
  from space 5120K, 0% used [0x00000000e4500000,0x00000000e4500000,0x00000000e4a00000)
  to   space 5120K, 0% used [0x00000000e4000000,0x00000000e4000000,0x00000000e4500000)
 ParOldGen       total 68608K, used 10707K [0x00000000a0000000, 0x00000000a4300000, 0x00000000e0000000)
  object space 68608K, 15% used [0x00000000a0000000,0x00000000a0a74c58,0x00000000a4300000)
 Metaspace       used 29056K, capacity 29644K, committed 29952K, reserved 1075200K
  class space    used 3813K, capacity 4043K, committed 4096K, reserved 1048576K
Event: 5.399 GC heap after
Heap after GC invocations=6 (full 1):
 PSYoungGen      total 70656K, used 5100K [0x00000000e0000000, 0x00000000e7600000, 0x0000000100000000)
  eden space 65536K, 0% used [0x00000000e0000000,0x00000000e0000000,0x00000000e4000000)
  from space 5120K, 99% used [0x00000000e4000000,0x00000000e44fb1d0,0x00000000e4500000)
  to   space 12800K, 0% used [0x00000000e6980000,0x00000000e6980000,0x00000000e7600000)
 ParOldGen       total 68608K, used 14393K [0x00000000a0000000, 0x00000000a4300000, 0x00000000e0000000)
  object space 68608K, 20% used [0x00000000a0000000,0x00000000a0e0e5b0,0x00000000a4300000)
 Metaspace       used 29056K, capacity 29644K, committed 29952K, reserved 1075200K
  class space    used 3813K, capacity 4043K, committed 4096K, reserved 1048576K
}

